Arguments: 
  C:\Program Files\nodejs\node.exe C:\Users\user\AppData\Roaming\npm\node_modules\yarn\bin\yarn.js

PATH: 
  C:\Python310\Scripts\;C:\Python310\;C:\WINDOWS\system32;C:\WINDOWS;C:\WINDOWS\System32\Wbem;C:\WINDOWS\System32\WindowsPowerShell\v1.0\;C:\WINDOWS\System32\OpenSSH\;C:\Program Files\dotnet\;C:\ProgramData\chocolatey\bin;C:\Program Files (x86)\NVIDIA Corporation\PhysX\Common;C:\Program Files\NVIDIA Corporation\NVIDIA NvDLISR;C:\Program Files\Git\cmd;C:\Users\user\AppData\Roaming\nvm;C:\Program Files\nodejs;C:\Program Files\nodejs\;C:\Users\user\AppData\Local\Microsoft\WindowsApps;C:\Users\user\AppData\Local\Programs\Microsoft VS Code\bin;C:\Users\user\AppData\Local\GitHubDesktop\bin;C:\Users\user\AppData\Roaming\nvm;C:\Program Files\nodejs;C:\Users\user\AppData\Roaming\npm

Yarn version: 
  1.22.19

Node version: 
  16.16.0

Platform: 
  win32 x64

Trace: 
  Error: EPERM: operation not permitted, open 'C:\Users\user\Desktop\web3\node_modules\acorn-jsx\node_modules\.bin\acorn'

npm manifest: 
  {
    "private": true,
    "scripts": {
      "dev": "next dev",
      "build": "next build",
      "start": "next start",
      "type-check": "tsc --pretty --noEmit",
      "format": "prettier --write .",
      "lint": "eslint . --ext ts --ext tsx --ext js",
      "test": "jest",
      "test-all": "yarn lint && yarn type-check && yarn test"
    },
    "husky": {
      "hooks": {
        "pre-commit": "lint-staged",
        "pre-push": "yarn run type-check"
      }
    },
    "lint-staged": {
      "*.@(ts|tsx)": [
        "yarn lint",
        "yarn format"
      ]
    },
    "dependencies": {
      "@walletconnect/web3-provider": "^1.6.6",
      "ethers": "^5.5.1",
      "next": "latest",
      "react": "^17.0.2",
      "react-dom": "^17.0.2",
      "sass": "^1.55.0",
      "walletlink": "^2.2.6",
      "web3modal": "^1.9.4"
    },
    "devDependencies": {
      "@testing-library/react": "^11.2.5",
      "@types/jest": "^26.0.23",
      "@types/node": "^14.14.25",
      "@types/react": "^17.0.1",
      "@typescript-eslint/eslint-plugin": "^4.14.2",
      "@typescript-eslint/parser": "^4.14.2",
      "babel-jest": "^27.0.2",
      "eslint": "^7.19.0",
      "eslint-config-next": "^11.0.1",
      "eslint-config-prettier": "^7.2.0",
      "eslint-plugin-react": "^7.19.0",
      "eslint-plugin-react-hooks": "^4.2.0",
      "husky": "^4.2.3",
      "identity-obj-proxy": "^3.0.0",
      "jest": "^27.0.4",
      "jest-watch-typeahead": "^0.6.1",
      "lint-staged": "^10.0.10",
      "prettier": "^2.0.2",
      "typescript": "^4.1.3"
    }
  }

yarn manifest: 
  No manifest

Lockfile: 
  No lockfile
